

*******************************************************************************
Tue Jun 24 19:33:51 2025


FIT:    data read from "out.UnitCir.txt" index 0 using 1:3
        format = x:z
        #datapoints = 33
        residuals are weighted equally (unit weight)

function used for fitting: f(x)
	f(x) = a/sqrt(x)
fitted parameters initialized with current variable values

iter      chisq       delta/lim  lambda   a            
   0 8.3955505927e-03   0.00e+00  1.30e-04    2.000000e-02
   3 1.5686148264e-03  -3.46e-05  1.30e-07    2.234503e+00

After 3 iterations the fit converged.
final sum of squares of residuals : 0.00156861
rel. change during last iteration : -3.4551e-10

degrees of freedom    (FIT_NDF)                        : 32
rms of residuals      (FIT_STDFIT) = sqrt(WSSR/ndf)    : 0.00700137
variance of residuals (reduced chisquare) = WSSR/ndf   : 4.90192e-05

Final set of parameters            Asymptotic Standard Error
=======================            ==========================
a               = 2.2345           +/- 0.1876       (8.398%)


*******************************************************************************
Tue Jun 24 19:33:51 2025


FIT:    data read from "out.UnitCirB.txt" index 0 using 1:3
        format = x:z
        #datapoints = 33
        residuals are weighted equally (unit weight)

function used for fitting: f(x)
	f(x) = a/sqrt(x)
fitted parameters initialized with current variable values

iter      chisq       delta/lim  lambda   a            
   0 1.3291225689e-05   0.00e+00  1.30e-04    2.000000e-02
   3 4.2556379733e-06  -1.69e-05  1.30e-07    1.005641e-01

After 3 iterations the fit converged.
final sum of squares of residuals : 4.25564e-06
rel. change during last iteration : -1.68555e-10

degrees of freedom    (FIT_NDF)                        : 32
rms of residuals      (FIT_STDFIT) = sqrt(WSSR/ndf)    : 0.000364676
variance of residuals (reduced chisquare) = WSSR/ndf   : 1.32989e-07

Final set of parameters            Asymptotic Standard Error
=======================            ==========================
a               = 0.100564         +/- 0.009774     (9.719%)


*******************************************************************************
Wed Jun 25 00:22:18 2025


FIT:    data read from "out.UnitCirB.txt" index 0 using 1:3
        format = x:z
        #datapoints = 33
        residuals are weighted equally (unit weight)

function used for fitting: f(x)
	f(x) = a/sqrt(x)
fitted parameters initialized with current variable values

iter      chisq       delta/lim  lambda   a            
   0 1.3291225689e-05   0.00e+00  1.30e-04    2.000000e-02
   3 4.2556379733e-06  -1.69e-05  1.30e-07    1.005641e-01

After 3 iterations the fit converged.
final sum of squares of residuals : 4.25564e-06
rel. change during last iteration : -1.68555e-10

degrees of freedom    (FIT_NDF)                        : 32
rms of residuals      (FIT_STDFIT) = sqrt(WSSR/ndf)    : 0.000364676
variance of residuals (reduced chisquare) = WSSR/ndf   : 1.32989e-07

Final set of parameters            Asymptotic Standard Error
=======================            ==========================
a               = 0.100564         +/- 0.009774     (9.719%)


*******************************************************************************
Wed Jun 25 00:23:48 2025


FIT:    data read from "out.UnitCirB.txt" index 0 using 1:3
        format = x:z
        #datapoints = 33
        residuals are weighted equally (unit weight)

function used for fitting: f(x)
	f(x) = a/sqrt(x)
fitted parameters initialized with current variable values

iter      chisq       delta/lim  lambda   a            
   0 1.3291225689e-05   0.00e+00  1.30e-04    2.000000e-02
   3 4.2556379733e-06  -1.69e-05  1.30e-07    1.005641e-01

After 3 iterations the fit converged.
final sum of squares of residuals : 4.25564e-06
rel. change during last iteration : -1.68555e-10

degrees of freedom    (FIT_NDF)                        : 32
rms of residuals      (FIT_STDFIT) = sqrt(WSSR/ndf)    : 0.000364676
variance of residuals (reduced chisquare) = WSSR/ndf   : 1.32989e-07

Final set of parameters            Asymptotic Standard Error
=======================            ==========================
a               = 0.100564         +/- 0.009774     (9.719%)


*******************************************************************************
Wed Jun 25 00:23:53 2025


FIT:    data read from "out.UnitCir.txt" index 0 using 1:3
        format = x:z
        #datapoints = 33
        residuals are weighted equally (unit weight)

function used for fitting: f(x)
	f(x) = a/sqrt(x)
fitted parameters initialized with current variable values

iter      chisq       delta/lim  lambda   a            
   0 8.3955505927e-03   0.00e+00  1.30e-04    2.000000e-02
   3 1.5686148264e-03  -3.46e-05  1.30e-07    2.234503e+00

After 3 iterations the fit converged.
final sum of squares of residuals : 0.00156861
rel. change during last iteration : -3.4551e-10

degrees of freedom    (FIT_NDF)                        : 32
rms of residuals      (FIT_STDFIT) = sqrt(WSSR/ndf)    : 0.00700137
variance of residuals (reduced chisquare) = WSSR/ndf   : 4.90192e-05

Final set of parameters            Asymptotic Standard Error
=======================            ==========================
a               = 2.2345           +/- 0.1876       (8.398%)
